9951:
3.54
3.16
3.67
3.51
2.91
4.45
9952:
3.03
2.95
3.32
3.22
3.63
9953:
3.58
9954:
3.84
3.80
3.76
3.46
4.05
3.65
3.62
4.08
4.25
3.47
4.02
4.40
4.22
4.38
3.71
3.11
5.10
4.09
3.69
3.75
4.55
3.55
3.58
3.66
4.04
3.68
4.01
3.99
4.41
3.51
4.07
3.60
3.34
3.60
4.24
3.86
3.98
3.19
4.35
3.57
4.12
4.17
3.82
4.31
4.51
3.81
3.83
3.64
3.61
3.65
3.90
4.25
4.55
4.16
3.75
3.59
4.48
4.12
4.08
3.48
3.94
4.81
4.52
3.83
4.14
3.99
3.44
4.00
4.02
3.65
4.13
3.58
3.78
3.96
3.68
3.91
4.53
3.84
9955:
2.23
3.67
3.66
2.82
3.23
3.01
2.78
9956:
3.41
9957:
2.94
2.73
3.10
2.67
2.38
9958:
2.76
3.73
4.16
3.56
3.80
3.83
3.89
9959:
3.50
3.28
3.26
3.13
2.78
2.66
2.29
3.52
2.48
3.48
3.10
3.51
3.66
3.37
4.09
2.95
3.44
2.79
2.92
3.55
3.89
3.56
3.18
3.04
2.45
3.84
3.31
3.23
3.39
3.16
3.39
3.12
3.13
3.20
3.85
3.06
4.19
3.33
3.18
3.32
3.26
3.75
3.78
3.12
3.16
4.06
3.47
3.17
4.17
3.60
3.02
996:
4.07
4.54
4.70
4.11
3.95
3.91
3.83
3.33
3.71
4.38
3.97
4.57
3.62
3.90
4.44
4.45
4.53
4.33
4.21
4.18
3.87
4.87
3.29
4.25
3.44
4.15
4.64
3.62
4.58
4.08
4.69
3.82
3.80
4.53
4.12
3.68
4.01
4.39
4.06
3.77
3.85
3.83
3.77
3.30
5.33
3.23
4.56
4.15
2.81
4.06
4.05
4.26
3.98
4.29
4.54
4.20
3.70
3.65
4.38
3.62
3.05
3.24
4.61
4.23
4.20
3.52
4.65
4.07
4.33
3.46
3.86
3.55
4.42
4.51
4.31
4.46
3.77
4.71
4.87
3.87
4.29
3.28
3.67
3.64
4.28
4.50
3.35
3.89
4.24
3.72
4.22
5.33
4.69
4.29
3.99
4.34
3.97
4.16
4.40
4.27
2.32
4.38
4.05
3.79
4.18
3.94
3.46
4.92
4.12
3.62
4.53
3.90
3.53
4.24
4.65
4.60
4.08
3.39
4.01
2.60
3.48
3.99
4.23
3.92
4.26
3.92
3.95
4.36
2.79
2.86
3.92
4.36
2.99
4.20
4.43
3.69
4.28
4.26
3.67
4.07
4.05
3.64
4.21
2.98
4.63
4.79
4.29
3.74
3.53
4.47
3.86
3.71
3.82
3.24
3.92
4.22
4.02
3.67
3.87
3.62
4.26
3.75
4.11
3.39
3.91
3.63
4.21
3.84
3.74
3.63
4.25
3.31
3.69
3.70
4.64
5.05
3.62
2.94
4.25
2.54
2.77
3.60
4.75
3.82
3.83
3.85
3.79
3.80
3.82
4.29
3.42
3.86
4.21
3.57
3.79
3.74
3.16
3.66
3.97
3.80
4.06
3.39
3.77
3.53
3.72
4.25
3.98
3.57
3.91
4.07
3.87
4.20
3.84
3.92
4.62
4.36
4.44
4.41
3.72
4.63
4.38
2.55
3.90
4.57
3.59
4.24
3.85
4.28
4.37
4.80
3.83
4.10
4.78
3.60
3.62
3.72
3.97
4.82
5.33
3.85
3.44
4.10
4.13
2.78
4.22
3.58
4.62
3.07
4.10
4.28
4.28
4.51
4.01
4.07
3.88
4.18
4.56
2.72
3.78
4.83
3.85
2.69
3.93
4.06
4.00
4.33
3.89
3.17
3.52
4.00
4.00
4.22
4.38
3.81
4.27
3.75
3.84
9960:
3.94
4.29
3.74
3.74
3.71
4.32
4.23
3.88
4.23
4.12
3.82
3.89
4.21
3.35
3.79
3.54
2.98
4.08
4.33
4.42
4.25
4.65
4.30
4.01
4.25
4.36
4.02
4.35
4.16
3.70
4.70
3.49
4.26
3.07
4.20
4.52
4.12
4.35
4.13
3.79
4.77
4.20
4.55
4.44
3.90
4.29
4.63
4.13
4.72
4.42
4.64
3.49
4.64
4.82
3.86
3.97
4.58
4.58
4.26
3.95
3.35
4.58
4.98
4.30
4.91
3.65
4.83
4.47
4.34
4.52
4.14
3.75
3.92
4.44
3.96
4.86
4.01
3.83
4.95
4.23
5.23
4.38
4.11
4.28
4.50
3.87
4.82
3.98
3.80
4.12
4.02
3.84
4.26
4.28
4.08
4.44
3.96
4.15
4.18
4.16
4.52
4.57
4.56
3.95
4.12
4.64
4.11
4.70
3.94
4.14
4.17
4.43
3.54
3.77
3.34
3.99
4.01
4.12
4.06
4.12
3.78
3.66
4.24
2.87
5.32
4.24
3.73
3.95
4.94
4.39
4.35
3.85
3.80
4.82
4.85
3.42
4.22
4.47
4.16
3.08
4.42
3.55
3.75
4.78
3.71
3.47
4.38
3.98
3.95
3.96
3.94
3.77
4.07
4.85
4.13
4.04
4.11
4.54
3.82
5.27
4.45
3.95
4.33
3.56
3.73
4.53
4.04
4.22
4.75
5.22
3.76
4.04
3.94
4.32
5.05
4.16
3.95
4.23
3.39
3.48
3.91
3.86
2.39
4.15
3.49
3.94
3.58
3.92
4.21
3.84
3.66
4.02
4.13
3.39
4.12
4.16
4.10
4.45
4.64
3.91
4.08
4.05
4.06
4.21
4.67
4.06
4.11
3.98
3.40
4.25
4.20
4.41
3.69
4.32
3.96
4.25
4.08
4.90
4.25
4.10
3.98
4.17
4.56
4.43
4.60
4.25
3.01
4.61
4.41
3.41
3.95
3.83
4.29
4.24
4.01
3.54
3.35
3.36
4.18
3.43
3.52
4.17
4.33
4.29
4.20
3.97
4.28
3.81
4.11
4.39
4.32
4.24
3.92
4.54
3.38
4.10
4.24
3.48
4.68
3.92
4.25
5.00
4.25
4.26
4.47
4.50
3.53
9961:
4.50
3.80
5.00
4.03
3.92
3.75
4.03
4.08
3.85
3.95
3.63
3.37
4.50
4.02
4.37
3.95
4.84
4.02
3.57
3.63
4.14
4.02
4.30
4.56
3.94
4.60
3.90
4.01
5.06
3.95
3.69
3.63
4.33
5.25
3.89
4.11
4.55
4.67
9962:
2.95
2.94
1.82
3.19
9963:
2.63
2.87
3.05
3.12
2.83
3.00
3.37
2.37
9964:
3.27
3.69
4.07
3.14
4.26
4.48
4.08
3.99
4.38
3.66
3.62
3.39
3.82
4.35
3.53
3.77
3.92
4.11
3.41
3.63
3.88
2.77
3.09
3.89
4.07
4.67
3.37
4.06
4.11
3.94
4.22
2.92
3.85
3.58
3.79
4.08
4.71
3.65
4.13
4.22
9965:
2.96
3.25
2.64
3.69
2.87
3.72
2.69
3.73
9966:
3.56
3.58
3.31
2.61
3.84
3.88
3.85
3.67
3.06
3.55
2.98
3.40
3.45
3.31
3.64
3.38
3.34
3.40
3.43
3.26
3.13
3.57
3.54
4.38
3.92
2.57
3.73
3.55
3.93
3.72
4.10
2.95
3.59
3.40
3.02
3.64
2.68
3.31
3.46
4.07
3.50
3.63
4.07
3.30
3.58
3.40
2.57
2.77
3.47
3.22
3.63
3.37
3.53
3.59
3.05
3.42
2.98
3.64
3.84
2.71
3.44
3.34
2.96
3.26
2.87
4.20
3.74
3.78
3.61
3.38
3.28
3.23
4.11
2.82
3.59
3.28
4.01
3.35
3.18
3.17
3.60
3.03
3.63
3.21
9967:
2.25
3.27
9968:
4.20
3.16
9969:
2.52
2.37
997:
2.85
3.36
3.69
3.56
3.01
3.05
2.86
3.74
4.55
3.37
9970:
4.28
4.62
3.86
3.78
4.28
5.05
3.99
3.62
4.27
4.12
3.57
3.76
3.80
3.75
3.47
3.75
3.12
3.78
3.55
3.58
3.61
4.07
4.16
3.63
3.66
3.93
4.11
4.40
3.81
4.03
4.09
3.90
4.15
4.05
4.80
4.25
4.08
3.76
3.90
4.30
9971:
3.56
3.62
3.79
2.64
9972:
3.02
3.79
2.82
2.55
2.99
2.07
2.01
2.92
2.75
2.97
2.79
2.99
2.95
9974:
3.00
2.65
3.20
2.64
3.35
2.68
3.34
3.08
2.96
3.04
2.68
3.59
2.63
3.10
2.00
2.91
2.73
9975:
2.39
1.68
0.46
0.78
2.14
1.75
1.04
1.88
9976:
3.82
3.27
3.28
3.52
2.85
3.84
3.65
3.39
3.55
4.46
3.54
3.81
3.73
4.51
3.90
3.44
3.47
4.19
3.12
3.50
3.59
3.50
3.25
3.87
3.94
3.15
3.76
3.79
3.66
4.07
9977:
3.36
3.09
3.45
2.69
3.36
3.39
2.72
3.29
3.33
3.47
2.68
3.18
3.56
3.08
3.01
3.39
3.12
2.73
3.56
9978:
2.19
2.46
2.72
2.45
2.62
9979:
4.70
4.23
4.42
4.03
4.17
998:
3.77
3.70
3.76
2.47
3.42
9980:
4.14
3.27
3.05
3.14
2.83
2.93
2.52
2.57
9981:
4.03
3.91
4.63
3.64
3.42
4.25
4.73
4.26
3.54
3.54
4.33
4.13
4.64
4.93
3.73
3.48
3.41
4.60
4.64
4.46
4.12
4.22
4.61
3.92
4.10
3.94
4.66
4.35
4.67
4.22
4.88
3.64
4.17
3.69
4.36
4.62
3.39
4.15
3.16
3.75
3.83
3.35
4.67
4.97
4.10
3.88
3.22
3.11
4.00
3.30
3.77
3.81
4.15
4.24
4.09
3.62
3.59
4.22
4.40
3.45
3.91
4.15
4.22
4.24
3.78
4.40
4.44
3.89
3.99
3.76
4.38
4.16
4.05
3.47
4.14
4.15
4.20
4.15
3.96
3.60
4.65
3.63
4.15
4.33
3.65
4.08
4.00
3.08
4.31
3.81
4.08
4.77
3.89
4.24
4.59
4.28
3.89
3.64
4.17
4.03
3.64
4.19
3.86
4.17
3.93
3.11
3.57
3.25
4.05
2.96
3.85
3.67
3.06
3.36
4.26
3.41
3.48
4.73
3.55
9982:
3.28
3.41
3.82
3.28
2.96
3.91
9983:
3.53
4.56
4.05
4.02
3.85
3.65
2.45
3.31
2.25
3.53
4.06
3.91
4.05
3.38
2.92
4.02
3.75
3.26
3.20
4.29
3.76
4.02
3.89
3.63
3.68
4.09
3.65
3.36
3.46
3.55
3.60
2.99
3.16
3.30
3.47
4.63
3.88
3.72
3.37
2.18
9984:
4.02
3.85
3.07
3.48
3.81
3.34
3.52
3.62
3.58
3.29
3.65
3.56
3.60
3.36
3.91
3.91
3.71
3.51
4.47
3.28
3.80
3.69
3.63
4.32
3.43
4.04
4.53
3.99
3.41
4.23
4.00
3.24
3.70
4.26
4.42
3.63
3.64
3.01
3.53
3.71
3.26
4.18
3.21
4.22
3.44
3.70
4.10
3.75
3.97
3.47
3.99
3.33
3.91
4.49
3.60
3.56
2.54
4.01
4.26
3.72
4.70
4.05
3.78
3.82
3.06
3.62
3.27
4.46
4.48
2.71
4.23
3.78
3.31
2.78
3.92
3.88
3.36
3.51
3.57
3.70
4.30
4.21
4.30
4.66
4.15
3.98
9985:
3.44
2.19
2.77
4.19
3.03
3.05
3.01
3.86
3.35
3.11
2.85
2.49
3.35
3.63
3.88
3.13
3.18
3.20
3.62
3.45
3.47
3.64
3.26
3.24
3.68
2.81
3.31
3.11
3.12
3.49
3.60
3.31
3.20
3.76
2.78
3.91
2.67
2.61
3.19
2.40
2.64
2.88
2.61
3.44
2.74
3.30
2.90
3.23
2.70
2.68
2.90
3.70
2.66
2.79
3.35
3.29
3.84
2.79
2.97
3.15
3.66
2.77
3.87
3.46
3.16
3.25
2.97
4.34
2.96
9986:
3.63
3.34
3.80
2.46
3.41
3.62
3.49
3.22
3.31
3.14
2.52
3.28
3.62
3.97
3.32
3.36
4.34
3.38
3.41
3.15
3.71
3.57
3.46
3.41
3.63
4.13
3.56
2.89
2.91
3.09
3.48
3.78
3.77
3.78
3.61
3.50
3.67
3.54
2.99
3.92
3.54
3.25
3.58
3.42
3.02
4.09
3.52
4.08
4.32
3.06
3.62
3.25
4.36
3.42
3.36
3.31
4.02
3.69
3.31
9987:
3.31
4.02
3.90
3.67
3.51
4.78
3.70
3.70
3.80
3.39
2.81
3.43
3.56
3.45
4.66
4.10
3.83
3.69
2.91
4.13
3.38
3.22
3.97
3.54
3.30
3.66
3.78
3.72
3.71
3.60
3.17
2.88
3.20
4.19
3.99
2.85
3.93
4.42
2.97
3.24
2.76
3.61
3.82
4.22
3.38
3.43
4.40
4.01
3.77
2.85
3.47
3.23
3.28
3.99
3.89
3.70
3.92
4.12
3.76
9988:
4.11
3.54
4.51
3.95
3.19
4.03
4.28
3.13
4.56
3.48
3.71
3.72
3.92
4.11
4.22
3.77
4.79
3.52
4.16
3.74
3.39
4.48
4.96
3.34
9989:
3.24
2.47
2.25
2.43
999:
1.72
2.53
2.85
2.63
2.14
2.53
1.95
2.86
2.53
2.07
3.06
1.99
2.90
2.30
2.33
2.67
2.63
9990:
3.76
4.49
3.88
3.04
3.26
3.16
3.89
3.74
3.66
9991:
2.60
3.22
3.26
2.90
3.73
3.36
3.00
3.78
4.07
4.08
3.89
3.78
3.69
2.42
3.62
3.28
3.92
2.93
3.52
3.32
3.30
4.34
3.70
3.51
3.59
2.56
3.10
3.25
3.26
3.56
3.57
3.26
3.64
4.70
4.26
2.59
2.58
4.46
3.64
3.87
3.37
3.83
3.60
2.57
3.58
3.55
3.04
4.16
3.97
4.05
3.43
2.80
3.43
3.62
2.94
3.82
3.80
2.92
3.37
3.13
3.71
3.33
3.00
3.07
3.36
3.66
3.68
3.22
3.38
3.16
3.09
3.57
3.33
4.04
3.39
2.53
4.26
3.66
3.62
3.72
2.76
3.82
3.87
3.44
3.34
2.51
3.36
3.67
3.71
3.25
3.41
3.62
3.53
3.56
3.50
3.28
4.12
3.56
4.22
3.46
2.96
3.31
3.66
3.11
3.62
2.42
3.66
3.31
3.49
3.19
3.96
3.90
3.47
3.38
9992:
1.67
1.57
9993:
5.26
3.79
3.34
3.79
4.19
3.57
3.38
9994:
3.94
3.58
3.47
3.04
3.42
9995:
3.54
3.21
3.23
3.09
3.38
2.99
3.42
3.13
3.76
3.21
3.34
3.60
3.80
3.15
2.63
2.62
3.90
2.90
2.99
3.02
2.77
3.30
3.65
3.59
2.07
3.65
3.29
3.44
3.21
3.74
3.06
3.74
3.46
2.93
3.16
2.64
3.02
2.49
3.47
3.18
2.85
3.17
2.28
3.01
3.71
3.48
2.92
3.58
3.21
3.56
3.15
2.85
2.55
2.45
3.48
3.52
2.83
3.57
2.96
3.24
2.92
4.33
3.24
3.30
2.74
2.98
2.76
4.08
3.95
4.44
3.44
2.64
2.92
3.38
3.28
3.43
3.67
2.78
3.45
4.04
3.94
3.33
2.87
4.16
3.53
3.54
3.75
3.59
3.36
3.61
2.46
2.80
3.47
3.14
3.33
2.87
3.25
2.80
3.75
3.61
3.88
3.10
3.27
3.27
1.68
2.88
3.78
3.42
2.63
3.34
2.85
3.24
2.88
2.96
3.76
2.56
3.22
3.89
3.30
3.59
3.75
3.38
3.16
3.26
3.07
3.35
3.80
3.46
3.88
3.48
3.04
3.80
3.58
2.97
3.51
3.17
3.30
3.11
2.99
3.07
3.18
3.37
3.21
2.90
3.29
3.37
3.06
3.98
3.21
3.58
3.46
3.12
2.91
2.90
3.18
3.00
2.88
3.41
2.93
3.77
3.27
3.21
3.63
3.52
3.64
2.96
3.90
3.04
3.70
3.73
2.84
4.11
3.30
3.51
3.56
3.72
3.48
3.78
3.15
3.02
2.40
3.25
3.12
3.27
3.23
3.34
2.69
2.76
3.45
2.74
3.46
3.09
3.44
3.22
3.21
2.19
3.39
3.45
2.44
3.16
3.61
3.18
9996:
2.43
2.85
3.56
3.57
3.76
3.02
4.10
3.22
2.97
2.86
3.05
2.89
3.72
3.56
2.56
2.84
3.02
4.16
3.35
9997:
3.72
3.79
3.62
3.91
9998:
2.72
3.57
2.95
9999:
1.18
RMSE: 1.01